<?xml version="1.0" encoding="UTF-8"?>
<!-- Generated by org.testng.reporters.JUnitReportReporter -->
<testsuite hostname="L161001SA" failures="0" tests="1" name="com.testCases.adnabu_Test" time="6.827" errors="0" timestamp="2024-01-12T12:38:53 IST" skipped="0">
  <testcase classname="com.testCases.adnabu_Test" name="verification_of_productSearchNfilter_Test" time="6.827"/>
</testsuite> <!-- com.testCases.adnabu_Test -->
